Copyright 1986-2018 Xilinx, Inc. All Rights Reserved.
------------------------------------------------------------------------------------
| Tool Version : Vivado v.2018.3 (win64) Build 2405991 Thu Dec  6 23:38:27 MST 2018
| Date         : Fri Jul 31 21:51:44 2020
| Host         : SC-202004121038 running 64-bit major release  (build 9200)
| Command      : upgrade_ip
| Device       : xc7s15ftgb196-1
------------------------------------------------------------------------------------

Upgrade Log for IP 'clk_wiz_1'

1. Summary
----------

SUCCESS in the upgrade of clk_wiz_1 (xilinx.com:ip:clk_wiz:6.0) from (Rev. 1) to (Rev. 2)






Copyright 1986-2018 Xilinx, Inc. All Rights Reserved.
------------------------------------------------------------------------------------
| Tool Version : Vivado v.2018.3 (win64) Build 2405991 Thu Dec  6 23:38:27 MST 2018
| Date         : Fri Jul 31 21:51:42 2020
| Host         : SC-202004121038 running 64-bit major release  (build 9200)
| Command      : upgrade_ip
| Device       : xc7s15ftgb196-1
------------------------------------------------------------------------------------

Upgrade Log for IP 'clk_wiz_0'

1. Summary
----------

SUCCESS in the upgrade of clk_wiz_0 (xilinx.com:ip:clk_wiz:6.0) from (Rev. 1) to (Rev. 2)






Copyright 1986-2018 Xilinx, Inc. All Rights Reserved.
------------------------------------------------------------------------------------
| Tool Version : Vivado v.2018.3 (win64) Build 2405991 Thu Dec  6 23:38:27 MST 2018
| Date         : Fri Jul 31 21:51:38 2020
| Host         : SC-202004121038 running 64-bit major release  (build 9200)
| Command      : upgrade_ip
| Device       : xc7s15ftgb196-1
------------------------------------------------------------------------------------

Upgrade Log for IP 'blk_mem_gen_1'

1. Summary
----------

SUCCESS in the upgrade of blk_mem_gen_1 (xilinx.com:ip:blk_mem_gen:8.4) from (Rev. 1) to (Rev. 2)






Copyright 1986-2018 Xilinx, Inc. All Rights Reserved.
------------------------------------------------------------------------------------
| Tool Version : Vivado v.2018.3 (win64) Build 2405991 Thu Dec  6 23:38:27 MST 2018
| Date         : Fri Jul 31 21:51:36 2020
| Host         : SC-202004121038 running 64-bit major release  (build 9200)
| Command      : upgrade_ip
| Device       : xc7s15ftgb196-1
------------------------------------------------------------------------------------

Upgrade Log for IP 'blk_mem_gen_0'

1. Summary
----------

SUCCESS in the upgrade of blk_mem_gen_0 (xilinx.com:ip:blk_mem_gen:8.4) from (Rev. 1) to (Rev. 2)

