#-----------------------------------------------------------
# Vivado v2018.2 (64-bit)
# SW Build 2258646 on Thu Jun 14 20:03:12 MDT 2018
# IP Build 2256618 on Thu Jun 14 22:10:49 MDT 2018
# Start of session at: Fri Jul 31 21:08:36 2020
# Process ID: 19632
# Current directory: D:/summer/demo/Camera_Demo - 副本/Camera_Demo
# Command line: vivado.exe -gui_launcher_event rodinguilauncherevent19300 D:\summer\demo\Camera_Demo - 副本\Camera_Demo\Camera_Demo.xpr
# Log file: D:/summer/demo/Camera_Demo - 副本/Camera_Demo/vivado.log
# Journal file: D:/summer/demo/Camera_Demo - 副本/Camera_Demo\vivado.jou
#-----------------------------------------------------------
start_gui
open_project {D:/summer/demo/Camera_Demo - 副本/Camera_Demo/Camera_Demo.xpr}
INFO: [Project 1-313] Project file moved from 'D:/summer/demo/Camera_Demo/Camera_Demo' since last save.
Scanning sources...
Finished scanning sources
INFO: [IP_Flow 19-234] Refreshing IP repositories
INFO: [IP_Flow 19-1700] Loaded user IP repository 'd:/summer/demo/IP'.
INFO: [IP_Flow 19-1700] Loaded user IP repository 'd:/summer/Frequency_Divider_Demo/Frequency_Divider_Demo.srcs'.
INFO: [IP_Flow 19-2313] Loaded Vivado IP repository 'E:/xilinx/Vivado/2018.2/data/ip'.
open_project: Time (s): cpu = 00:00:35 ; elapsed = 00:00:53 . Memory (MB): peak = 779.832 ; gain = 123.797
update_compile_order -fileset sources_1
update_compile_order -fileset sources_1
update_compile_order -fileset sources_1
reset_run synth_1
WARNING: [Vivado 12-1017] Problems encountered:
1. Failed to delete one or more files in run directory D:/summer/demo/Camera_Demo - 副本/Camera_Demo/Camera_Demo.runs/synth_1

launch_runs synth_1 -jobs 2
INFO: [Vivado 12-4149] The synthesis checkpoint for IP 'D:/summer/demo/Camera_Demo - 副本/Camera_Demo/Camera_Demo.srcs/sources_1/ip/rgb2dvi_0/rgb2dvi_0.xci' is already up-to-date
INFO: [Vivado 12-4149] The synthesis checkpoint for IP 'D:/summer/demo/Camera_Demo - 副本/Camera_Demo/Camera_Demo.srcs/sources_1/ip/Clk_Division_0/Clk_Division_0.xci' is already up-to-date
[Fri Jul 31 21:23:26 2020] Launched synth_1...
Run output will be captured here: D:/summer/demo/Camera_Demo - 副本/Camera_Demo/Camera_Demo.runs/synth_1/runme.log
reset_run synth_1
WARNING: [Vivado 12-1017] Problems encountered:
1. Failed to delete one or more files in run directory D:/summer/demo/Camera_Demo - 副本/Camera_Demo/Camera_Demo.runs/synth_1

launch_runs synth_1 -jobs 2
INFO: [Vivado 12-4149] The synthesis checkpoint for IP 'D:/summer/demo/Camera_Demo - 副本/Camera_Demo/Camera_Demo.srcs/sources_1/ip/rgb2dvi_0/rgb2dvi_0.xci' is already up-to-date
INFO: [Vivado 12-4149] The synthesis checkpoint for IP 'D:/summer/demo/Camera_Demo - 副本/Camera_Demo/Camera_Demo.srcs/sources_1/ip/Clk_Division_0/Clk_Division_0.xci' is already up-to-date
[Fri Jul 31 21:26:30 2020] Launched synth_1...
Run output will be captured here: D:/summer/demo/Camera_Demo - 副本/Camera_Demo/Camera_Demo.runs/synth_1/runme.log
exit
INFO: [Common 17-206] Exiting Vivado at Fri Jul 31 21:28:37 2020...
t -force -quiet
remove_files  {{D:/summer/demo/Camera_Demo - 副本/Camera_Demo/Camera_Demo.srcs/sources_1/new/colorshow.v}}
move_files
export_ip_user_files -of_objects  [get_files {{D:/summer/demo/Camera_Demo - 副本/Camera_Demo/Camera_Demo.srcs/sources_1/new/shapeshow.v}}] -no_script -reset -force -quiet
remove_files  {{D:/summer/demo/Camera_Demo - 副本/Camera_Demo/Camera_Demo.srcs/sources_1/new/shapeshow.v}}
export_ip_user_files -of_objects  [get_files {{D:/summer/demo/Camera_Demo - 副本/Camera_Demo/Camera_Demo.srcs/sources_1/new/numbershow.v}}] -no_script -reset -force -quiet
remove_files  {{D:/summer/demo/Camera_Demo - 副本/Camera_Demo/Camera_Demo.srcs/sources_1/new/numbershow.v}}
export_ip_user_files -of_objects  [get_files {{D:/summer/demo/Camera_Demo - 副本/Camera_Demo/Camera_Demo.srcs/sources_1/new/black.v}}] -no_script -reset -force -quiet
remove_files  {{D:/summer/demo/Camera_Demo - 副本/Camera_Demo/Camera_Demo.srcs/sources_1/new/black.v}}
export_ip_user_files -of_objects  [get_files {{D:/summer/demo/Camera_Demo - 副本/Camera_Demo/Camera_Demo.srcs/sources_1/new/lan.v}}] -no_script -reset -force -quiet
remove_files  {{D:/summer/demo/Camera_Demo - 副本/Camera_Demo/Camera_Demo.srcs/sources_1/new/lan.v}}
reset_run synth_1
WARNING: [Vivado 12-1017] Problems encountered:
1. Failed to delete one or more files in run directory D:/summer/demo/Camera_Demo - 副本/Camera_Demo/Camera_Demo.runs/synth_1

launch_runs synth_1 -jobs 2
INFO: [Vivado 12-4149] The synthesis checkpoint for IP 'D:/summer/demo/Camera_Demo - 副本/Camera_Demo/Camera_Demo.srcs/sources_1/ip/rgb2dvi_0/rgb2dvi_0.xci' is already up-to-date
INFO: [Vivado 12-4149] The synthesis checkpoint for IP 'D:/summer/demo/Camera_Demo - 副本/Camera_Demo/Camera_Demo.srcs/sources_1/ip/Clk_Division_0/Clk_Division_0.xci' is already up-to-date
[Fri Jul 31 21:18:43 2020] Launched synth_1...
Run output will be captured here: D:/summer/demo/Camera_Demo - 副本/Camera_Demo/Camera_Demo.runs/synth_1/runme.log
export_ip_user_files -of_objects  [get_files {{D:/summer/demo/Camera_Demo - 副本/Camera_Demo/Camera_Demo.srcs/sources_1/new/clkdivi.v}}] -no_script -reset -force -quiet
remove_files  {{D:/summer/demo/Camera_Demo - 副本/Camera_Demo/Camera_Demo.srcs/sources_1/new/clkdivi.v}}
export_ip_user_files -of_objects  [get_files {{D:/summer/demo/Camera_Demo - 副本/Camera_Demo/Camera_Demo.srcs/sources_1/new/qing.v}}] -no_script -reset -force -quiet
remove_files  {{D:/summer/demo/Camera_Demo - 副本/Camera_Demo/Camera_Demo.srcs/sources_1/new/qing.v}}
export_ip_user_files -of_objects  [get_files {{D:/summer/demo/Camera_Demo - 副本/Camera_Demo/Camera_Demo.srcs/sources_1/new/fang.v}}] -no_script -reset -force -quiet
remove_files  {{D:/summer/demo/Camera_Demo - 副本/Camera_Demo/Camera_Demo.srcs/sources_1/new/fang.v}}
export_ip_user_files -of_objects  [get_files {{D:/summer/demo/Camera_Demo - 副本/Camera_Demo/Camera_Demo.srcs/sources_1/new/lv.v}}] -no_script -reset -force -quiet
remove_files  {{D:/summer/demo/Camera_Demo - 副本/Camera_Demo/Camera_Demo.srcs/sources_1/new/lv.v}}
export_ip_user_files -of_objects  [get_files {{D:/summer/demo/Camera_Demo - 副本/Camera_Demo/Camera_Demo.srcs/sources_1/new/grey.v}}] -no_script -reset -force -quiet
remove_files  {{D:/summer/demo/Camera_Demo - 副本/Camera_Demo/Camera_Demo.srcs/sources_1/new/grey.v}}
export_ip_user_files -of_objects  [get_files {{D:/summer/demo/Camera_Demo - 副本/Camera_Demo/Camera_Demo.srcs/sources_1/new/ling.v}}] -no_script -reset -force -quiet
remove_files  {{D:/summer/demo/Camera_Demo - 副本/Camera_Demo/Camera_Demo.srcs/sources_1/new/ling.v}}
export_ip_user_files -of_objects  [get_files {{D:/summer/demo/Camera_Demo - 副本/Camera_Demo/Camera_Demo.srcs/sources_1/new/orange.v}}] -no_script -reset -force -quiet
remove_files  {{D:/summer/demo/Camera_Demo - 副本/Camera_Demo/Camera_Demo.srcs/sources_1/new/orange.v}}
export_ip_user_files -of_objects  [get_files {{D:/summer/demo/Camera_Demo - 副本/Camera_Demo/Camera_Demo.srcs/sources_1/new/purple.v}}] -no_script -reset -force -quiet
remove_files  {{D:/summer/demo/Camera_Demo - 副本/Camera_Demo/Camera_Demo.srcs/sources_1/new/purple.v}}
export_ip_user_files -of_objects  [get_files {{D:/summer/demo/Camera_Demo - 副本/Camera_Demo/Camera_Demo.srcs/sources_1/new/red.v}}] -no_script -reset -force -quiet
remove_files  {{D:/summer/demo/Camera_Demo - 副本/Camera_Demo/Camera_Demo.srcs/sources_1/new/red.v}}
export_ip_user_files -of_objects  [get_files {{D:/summer/demo/Camera_Demo - 副本/Camera_Demo/Camera_Demo.srcs/sources_1/new/san.v}}] -no_script -reset -force -quiet
remove_files  {{D:/summer/demo/Camera_Demo - 副本/Camera_Demo/Camera_Demo.srcs/sources_1/new/san.v}}
export_ip_user_files -of_objects  [get_files {{D:/summer/demo/Camera_Demo - 副本/Camera_Demo/Camera_Demo.srcs/sources_1/new/bai.v}}] -no_script -reset -force -quiet
remove_files  {{D:/summer/demo/Camera_Demo - 副本/Camera_Demo/Camera_Demo.srcs/sources_1/new/bai.v}}
export_ip_user_files -of_objects  [get_files {{D:/summer/demo/Camera_Demo - 副本/Camera_Demo/Camera_Demo.srcs/sources_1/new/yellow.v}}] -no_script -reset -force -quiet
remove_files  {{D:/summer/demo/Camera_Demo - 副本/Camera_Demo/Camera_Demo.srcs/sources_1/new/yellow.v}}
export_ip_user_files -of_objects  [get_files {{D:/summer/demo/Camera_Demo - 副本/Camera_Demo/Camera_Demo.srcs/sources_1/new/yuan.v}}] -no_script -reset -force -quiet
remove_files  {{D:/summer/demo/Camera_Demo - 副本/Camera_Demo/Camera_Demo.srcs/sources_1/new/yuan.v}}
reset_run synth_1
WARNING: [Vivado 12-1017] Problems encountered:
1. Failed to delete one or more files in run directory D:/summer/demo/Camera_Demo - 副本/Camera_Demo/Camera_Demo.runs/synth_1

launch_runs synth_1 -jobs 2
INFO: [Vivado 12-4149] The synthesis checkpoint for IP 'D:/summer/demo/Camera_Demo - 副本/Camera_Demo/Camera_Demo.srcs/sources_1/ip/rgb2dvi_0/rgb2dvi_0.xci' is already up-to-date
INFO: [Vivado 12-4149] The synthesis checkpoint for IP 'D:/summer/demo/Camera_Demo - 副本/Camera_Demo/Camera_Demo.srcs/sources_1/ip/Clk_Division_0/Clk_Division_0.xci' is already up-to-date
[Fri Jul 31 21:20:38 2020] Launched synth_1...
Run output will be captured here: D:/summer/demo/Camera_Demo - 副本/Camera_Demo/Camera_Demo.runs/synth_1/runme.log
WARNING: [Common 17-9] Error reading message records.
exit
INFO: [Common 17-206] Exiting Vivado at Fri Jul 31 21:28:55 2020...
