#-----------------------------------------------------------
# Vivado v2018.2 (64-bit)
# SW Build 2258646 on Thu Jun 14 20:03:12 MDT 2018
# IP Build 2256618 on Thu Jun 14 22:10:49 MDT 2018
# Start of session at: Tue Jul 28 07:56:14 2020
# Process ID: 15048
# Current directory: D:/summer/demo/Camera_Demo/Camera_Demo
# Command line: vivado.exe -gui_launcher_event rodinguilauncherevent14712 D:\summer\demo\Camera_Demo\Camera_Demo\Camera_Demo.xpr
# Log file: D:/summer/demo/Camera_Demo/Camera_Demo/vivado.log
# Journal file: D:/summer/demo/Camera_Demo/Camera_Demo\vivado.jou
#-----------------------------------------------------------
start_gui
open_project D:/summer/demo/Camera_Demo/Camera_Demo/Camera_Demo.xpr
Scanning sources...
Finished scanning sources
INFO: [IP_Flow 19-234] Refreshing IP repositories
INFO: [IP_Flow 19-1700] Loaded user IP repository 'd:/summer/demo/IP'.
INFO: [IP_Flow 19-2313] Loaded Vivado IP repository 'E:/xilinx/Vivado/2018.2/data/ip'.
open_project: Time (s): cpu = 00:00:35 ; elapsed = 00:00:49 . Memory (MB): peak = 850.121 ; gain = 111.219
update_compile_order -fileset sources_1
close [ open D:/summer/demo/Camera_Demo/Camera_Demo/Camera_Demo.srcs/sources_1/new/state.v w ]
add_files D:/summer/demo/Camera_Demo/Camera_Demo/Camera_Demo.srcs/sources_1/new/state.v
update_compile_order -fileset sources_1
set_property  ip_repo_paths  {d:/summer/demo/IP D:/summer/demo/Camera_Demo/Camera_Demo/Frequency_Divider_Demo.srcs} [current_project]
update_ip_catalog
INFO: [IP_Flow 19-234] Refreshing IP repositories
INFO: [IP_Flow 19-1700] Loaded user IP repository 'd:/summer/demo/IP'.
INFO: [IP_Flow 19-1700] Loaded user IP repository 'd:/summer/demo/Camera_Demo/Camera_Demo/Frequency_Divider_Demo.srcs'.
create_ip -name clk_division -vendor xilinx.com -library user -version 1.0 -module_name clk_division_1 -dir d:/summer/demo/Camera_Demo/Camera_Demo/Camera_Demo.srcs/sources_1/ip
generate_target {instantiation_template} [get_files d:/summer/demo/Camera_Demo/Camera_Demo/Camera_Demo.srcs/sources_1/ip/clk_division_1/clk_division_1.xci]
INFO: [IP_Flow 19-1686] Generating 'Instantiation Template' target for IP 'clk_division_1'...
generate_target all [get_files  d:/summer/demo/Camera_Demo/Camera_Demo/Camera_Demo.srcs/sources_1/ip/clk_division_1/clk_division_1.xci]
INFO: [IP_Flow 19-1686] Generating 'Synthesis' target for IP 'clk_division_1'...
CRITICAL WARNING: [IP_Flow 19-663] Failed to copy file 'd:/summer/demo/Camera_Demo/Frequency_Divider_Demo/Frequency_Divider_Demo.srcs/sources_1/new/clk_division.v', it does not exist.
CRITICAL WARNING: [IP_Flow 19-157] Failed to copy file from 'd:/summer/demo/Camera_Demo/Frequency_Divider_Demo/Frequency_Divider_Demo.srcs/sources_1/new/clk_division.v' to 'd:/summer/demo/Camera_Demo/Camera_Demo/Camera_Demo.srcs/sources_1/Frequency_Divider_Demo/Frequency_Divider_Demo.srcs/sources_1/new/clk_division.v'.
ERROR: [IP_Flow 19-167] Failed to deliver one or more file(s).
ERROR: [IP_Flow 19-3505] IP Generation error: Failed to generate IP 'clk_division_1'. Failed to generate 'Synthesis' outputs: 
ERROR: [IP_Flow 19-98] Generation of the IP CORE failed.
Failed to generate IP 'clk_division_1'. Failed to generate 'Synthesis' outputs: 
update_compile_order -fileset sources_1
export_ip_user_files -of_objects  [get_files d:/summer/demo/Camera_Demo/Camera_Demo/Camera_Demo.srcs/sources_1/ip/clk_division_1/clk_division_1.xci] -no_script -reset -force -quiet
remove_files  d:/summer/demo/Camera_Demo/Camera_Demo/Camera_Demo.srcs/sources_1/ip/clk_division_1/clk_division_1.xci
create_ip -name clk_division -vendor xilinx.com -library user -version 1.0 -module_name clk_division_1 -dir d:/summer/demo/Camera_Demo/Camera_Demo/Camera_Demo.srcs/sources_1/ip
generate_target {instantiation_template} [get_files d:/summer/demo/Camera_Demo/Camera_Demo/Camera_Demo.srcs/sources_1/ip/clk_division_1_1/clk_division_1.xci]
INFO: [IP_Flow 19-1686] Generating 'Instantiation Template' target for IP 'clk_division_1'...
generate_target all [get_files  d:/summer/demo/Camera_Demo/Camera_Demo/Camera_Demo.srcs/sources_1/ip/clk_division_1_1/clk_division_1.xci]
INFO: [IP_Flow 19-1686] Generating 'Synthesis' target for IP 'clk_division_1'...
CRITICAL WARNING: [IP_Flow 19-663] Failed to copy file 'd:/summer/demo/Camera_Demo/Frequency_Divider_Demo/Frequency_Divider_Demo.srcs/sources_1/new/clk_division.v', it does not exist.
CRITICAL WARNING: [IP_Flow 19-157] Failed to copy file from 'd:/summer/demo/Camera_Demo/Frequency_Divider_Demo/Frequency_Divider_Demo.srcs/sources_1/new/clk_division.v' to 'd:/summer/demo/Camera_Demo/Camera_Demo/Camera_Demo.srcs/sources_1/Frequency_Divider_Demo/Frequency_Divider_Demo.srcs/sources_1/new/clk_division.v'.
ERROR: [IP_Flow 19-167] Failed to deliver one or more file(s).
ERROR: [IP_Flow 19-3505] IP Generation error: Failed to generate IP 'clk_division_1'. Failed to generate 'Synthesis' outputs: 
ERROR: [IP_Flow 19-98] Generation of the IP CORE failed.
Failed to generate IP 'clk_division_1'. Failed to generate 'Synthesis' outputs: 
update_compile_order -fileset sources_1
set_property  ip_repo_paths  d:/summer/demo/IP [current_project]
update_ip_catalog
INFO: [IP_Flow 19-234] Refreshing IP repositories
INFO: [IP_Flow 19-1700] Loaded user IP repository 'd:/summer/demo/IP'.
export_ip_user_files -of_objects  [get_files d:/summer/demo/Camera_Demo/Camera_Demo/Camera_Demo.srcs/sources_1/ip/clk_division_1_1/clk_division_1.xci] -no_script -reset -force -quiet
remove_files  d:/summer/demo/Camera_Demo/Camera_Demo/Camera_Demo.srcs/sources_1/ip/clk_division_1_1/clk_division_1.xci
set_property  ip_repo_paths  {d:/summer/demo/IP D:/summer/Frequency_Divider_Demo/Frequency_Divider_Demo.srcs} [current_project]
update_ip_catalog
INFO: [IP_Flow 19-234] Refreshing IP repositories
INFO: [IP_Flow 19-1700] Loaded user IP repository 'd:/summer/demo/IP'.
INFO: [IP_Flow 19-1700] Loaded user IP repository 'd:/summer/Frequency_Divider_Demo/Frequency_Divider_Demo.srcs'.
create_ip -name clk_division -vendor xilinx.com -library user -version 1.0 -module_name clk_division_1 -dir d:/summer/demo/Camera_Demo/Camera_Demo/Camera_Demo.srcs/sources_1/ip
generate_target {instantiation_template} [get_files d:/summer/demo/Camera_Demo/Camera_Demo/Camera_Demo.srcs/sources_1/ip/clk_division_1_2/clk_division_1.xci]
INFO: [IP_Flow 19-1686] Generating 'Instantiation Template' target for IP 'clk_division_1'...
generate_target all [get_files  d:/summer/demo/Camera_Demo/Camera_Demo/Camera_Demo.srcs/sources_1/ip/clk_division_1_2/clk_division_1.xci]
INFO: [IP_Flow 19-1686] Generating 'Synthesis' target for IP 'clk_division_1'...
INFO: [IP_Flow 19-1686] Generating 'Simulation' target for IP 'clk_division_1'...
INFO: [IP_Flow 19-1686] Generating 'Test Bench' target for IP 'clk_division_1'...
catch { config_ip_cache -export [get_ips -all clk_division_1] }
export_ip_user_files -of_objects [get_files d:/summer/demo/Camera_Demo/Camera_Demo/Camera_Demo.srcs/sources_1/ip/clk_division_1_2/clk_division_1.xci] -no_script -sync -force -quiet
create_ip_run [get_files -of_objects [get_fileset sources_1] d:/summer/demo/Camera_Demo/Camera_Demo/Camera_Demo.srcs/sources_1/ip/clk_division_1_2/clk_division_1.xci]
launch_runs -jobs 2 clk_division_1_synth_1
[Tue Jul 28 09:32:50 2020] Launched clk_division_1_synth_1...
Run output will be captured here: D:/summer/demo/Camera_Demo/Camera_Demo/Camera_Demo.runs/clk_division_1_synth_1/runme.log
export_simulation -of_objects [get_files d:/summer/demo/Camera_Demo/Camera_Demo/Camera_Demo.srcs/sources_1/ip/clk_division_1_2/clk_division_1.xci] -directory D:/summer/demo/Camera_Demo/Camera_Demo/Camera_Demo.ip_user_files/sim_scripts -ip_user_files_dir D:/summer/demo/Camera_Demo/Camera_Demo/Camera_Demo.ip_user_files -ipstatic_source_dir D:/summer/demo/Camera_Demo/Camera_Demo/Camera_Demo.ip_user_files/ipstatic -lib_map_path [list {modelsim=D:/summer/demo/Camera_Demo/Camera_Demo/Camera_Demo.cache/compile_simlib/modelsim} {questa=D:/summer/demo/Camera_Demo/Camera_Demo/Camera_Demo.cache/compile_simlib/questa} {riviera=D:/summer/demo/Camera_Demo/Camera_Demo/Camera_Demo.cache/compile_simlib/riviera} {activehdl=D:/summer/demo/Camera_Demo/Camera_Demo/Camera_Demo.cache/compile_simlib/activehdl}] -use_ip_compiled_libs -force -quiet
WARNING: [IP_Flow 19-4318] IP-XACT file does not exist: d:/summer/demo/Camera_Demo/Camera_Demo/Frequency_Divider_Demo.srcs/component.xml. It will be created.
export_ip_user_files -of_objects  [get_files d:/summer/demo/Camera_Demo/Camera_Demo/Camera_Demo.srcs/sources_1/ip/clk_division_1_2/clk_division_1.xci] -no_script -reset -force -quiet
remove_files  -fileset clk_division_1 d:/summer/demo/Camera_Demo/Camera_Demo/Camera_Demo.srcs/sources_1/ip/clk_division_1_2/clk_division_1.xci
INFO: [Project 1-386] Moving file 'd:/summer/demo/Camera_Demo/Camera_Demo/Camera_Demo.srcs/sources_1/ip/clk_division_1_2/clk_division_1.xci' from fileset 'clk_division_1' to fileset 'sources_1'.
set_property  ip_repo_paths  {d:/summer/demo/IP d:/summer/Frequency_Divider_Demo/Frequency_Divider_Demo.srcs D:/summer/demo/Camera_Demo/Frequency_Divider_Demo.srcs} [current_project]
update_ip_catalog
INFO: [IP_Flow 19-234] Refreshing IP repositories
INFO: [IP_Flow 19-1700] Loaded user IP repository 'd:/summer/demo/IP'.
INFO: [IP_Flow 19-1700] Loaded user IP repository 'd:/summer/Frequency_Divider_Demo/Frequency_Divider_Demo.srcs'.
INFO: [IP_Flow 19-1700] Loaded user IP repository 'd:/summer/demo/Camera_Demo/Frequency_Divider_Demo.srcs'.
CRITICAL WARNING: [IP_Flow 19-1663] Duplicate IP found for 'xilinx.com:user:clk_division:1.0'. The one found in IP location 'd:/summer/Frequency_Divider_Demo/Frequency_Divider_Demo.srcs' will take precedence over the same IP in location d:/summer/demo/Camera_Demo/Frequency_Divider_Demo.srcs
set_property  ip_repo_paths  {d:/summer/demo/IP d:/summer/Frequency_Divider_Demo/Frequency_Divider_Demo.srcs} [current_project]
update_ip_catalog
INFO: [IP_Flow 19-234] Refreshing IP repositories
INFO: [IP_Flow 19-1700] Loaded user IP repository 'd:/summer/demo/IP'.
INFO: [IP_Flow 19-1700] Loaded user IP repository 'd:/summer/Frequency_Divider_Demo/Frequency_Divider_Demo.srcs'.
update_compile_order -fileset sources_1
reset_run synth_1
launch_runs synth_1 -jobs 2
INFO: [Vivado 12-4149] The synthesis checkpoint for IP 'D:/summer/demo/Camera_Demo/Camera_Demo/Camera_Demo.srcs/sources_1/ip/rgb2dvi_0/rgb2dvi_0.xci' is already up-to-date
INFO: [Vivado 12-4149] The synthesis checkpoint for IP 'D:/summer/demo/Camera_Demo/Camera_Demo/Camera_Demo.srcs/sources_1/ip/Clk_Division_0/Clk_Division_0.xci' is already up-to-date
[Tue Jul 28 11:47:09 2020] Launched synth_1...
Run output will be captured here: D:/summer/demo/Camera_Demo/Camera_Demo/Camera_Demo.runs/synth_1/runme.log
close [ open D:/summer/demo/Camera_Demo/Camera_Demo/Camera_Demo.srcs/sources_1/new/num1.v w ]
add_files D:/summer/demo/Camera_Demo/Camera_Demo/Camera_Demo.srcs/sources_1/new/num1.v
close [ open D:/summer/demo/Camera_Demo/Camera_Demo/Camera_Demo.srcs/sources_1/new/num0.v w ]
add_files D:/summer/demo/Camera_Demo/Camera_Demo/Camera_Demo.srcs/sources_1/new/num0.v
close [ open D:/summer/demo/Camera_Demo/Camera_Demo/Camera_Demo.srcs/sources_1/new/num3.v w ]
add_files D:/summer/demo/Camera_Demo/Camera_Demo/Camera_Demo.srcs/sources_1/new/num3.v
close [ open D:/summer/demo/Camera_Demo/Camera_Demo/Camera_Demo.srcs/sources_1/new/num2.v w ]
add_files D:/summer/demo/Camera_Demo/Camera_Demo/Camera_Demo.srcs/sources_1/new/num2.v
close [ open D:/summer/demo/Camera_Demo/Camera_Demo/Camera_Demo.srcs/sources_1/new/num9.v w ]
add_files D:/summer/demo/Camera_Demo/Camera_Demo/Camera_Demo.srcs/sources_1/new/num9.v
close [ open D:/summer/demo/Camera_Demo/Camera_Demo/Camera_Demo.srcs/sources_1/new/num8.v w ]
add_files D:/summer/demo/Camera_Demo/Camera_Demo/Camera_Demo.srcs/sources_1/new/num8.v
close [ open D:/summer/demo/Camera_Demo/Camera_Demo/Camera_Demo.srcs/sources_1/new/num5.v w ]
add_files D:/summer/demo/Camera_Demo/Camera_Demo/Camera_Demo.srcs/sources_1/new/num5.v
close [ open D:/summer/demo/Camera_Demo/Camera_Demo/Camera_Demo.srcs/sources_1/new/num4.v w ]
add_files D:/summer/demo/Camera_Demo/Camera_Demo/Camera_Demo.srcs/sources_1/new/num4.v
close [ open D:/summer/demo/Camera_Demo/Camera_Demo/Camera_Demo.srcs/sources_1/new/num7.v w ]
add_files D:/summer/demo/Camera_Demo/Camera_Demo/Camera_Demo.srcs/sources_1/new/num7.v
close [ open D:/summer/demo/Camera_Demo/Camera_Demo/Camera_Demo.srcs/sources_1/new/num6.v w ]
add_files D:/summer/demo/Camera_Demo/Camera_Demo/Camera_Demo.srcs/sources_1/new/num6.v
update_compile_order -fileset sources_1
update_compile_order -fileset sources_1
close [ open D:/summer/demo/Camera_Demo/Camera_Demo/Camera_Demo.srcs/sources_1/new/Video_Generator.v w ]
add_files D:/summer/demo/Camera_Demo/Camera_Demo/Camera_Demo.srcs/sources_1/new/Video_Generator.v
update_compile_order -fileset sources_1
update_compile_order -fileset sources_1
close [ open D:/summer/demo/Camera_Demo/Camera_Demo/Camera_Demo.srcs/sources_1/new/colorshow.v w ]
add_files D:/summer/demo/Camera_Demo/Camera_Demo/Camera_Demo.srcs/sources_1/new/colorshow.v
close [ open D:/summer/demo/Camera_Demo/Camera_Demo/Camera_Demo.srcs/sources_1/new/numbershow.v w ]
add_files D:/summer/demo/Camera_Demo/Camera_Demo/Camera_Demo.srcs/sources_1/new/numbershow.v
update_compile_order -fileset sources_1
close [ open D:/summer/demo/Camera_Demo/Camera_Demo/Camera_Demo.srcs/sources_1/new/numbershow1.v w ]
add_files D:/summer/demo/Camera_Demo/Camera_Demo/Camera_Demo.srcs/sources_1/new/numbershow1.v
update_compile_order -fileset sources_1
update_compile_order -fileset sources_1
reset_run synth_1
launch_runs synth_1 -jobs 2
INFO: [Vivado 12-4149] The synthesis checkpoint for IP 'D:/summer/demo/Camera_Demo/Camera_Demo/Camera_Demo.srcs/sources_1/ip/rgb2dvi_0/rgb2dvi_0.xci' is already up-to-date
INFO: [Vivado 12-4149] The synthesis checkpoint for IP 'D:/summer/demo/Camera_Demo/Camera_Demo/Camera_Demo.srcs/sources_1/ip/Clk_Division_0/Clk_Division_0.xci' is already up-to-date
[Tue Jul 28 21:24:21 2020] Launched synth_1...
Run output will be captured here: D:/summer/demo/Camera_Demo/Camera_Demo/Camera_Demo.runs/synth_1/runme.log
reset_run synth_1
launch_runs synth_1 -jobs 2
INFO: [Vivado 12-4149] The synthesis checkpoint for IP 'D:/summer/demo/Camera_Demo/Camera_Demo/Camera_Demo.srcs/sources_1/ip/rgb2dvi_0/rgb2dvi_0.xci' is already up-to-date
INFO: [Vivado 12-4149] The synthesis checkpoint for IP 'D:/summer/demo/Camera_Demo/Camera_Demo/Camera_Demo.srcs/sources_1/ip/Clk_Division_0/Clk_Division_0.xci' is already up-to-date
[Tue Jul 28 21:28:34 2020] Launched synth_1...
Run output will be captured here: D:/summer/demo/Camera_Demo/Camera_Demo/Camera_Demo.runs/synth_1/runme.log
launch_runs: Time (s): cpu = 00:00:00 ; elapsed = 00:00:05 . Memory (MB): peak = 993.992 ; gain = 0.000
launch_runs impl_1 -jobs 2
INFO: [Vivado 12-4149] The synthesis checkpoint for IP 'D:/summer/demo/Camera_Demo/Camera_Demo/Camera_Demo.srcs/sources_1/ip/rgb2dvi_0/rgb2dvi_0.xci' is already up-to-date
INFO: [Vivado 12-4149] The synthesis checkpoint for IP 'D:/summer/demo/Camera_Demo/Camera_Demo/Camera_Demo.srcs/sources_1/ip/Clk_Division_0/Clk_Division_0.xci' is already up-to-date
[Tue Jul 28 21:31:55 2020] Launched impl_1...
Run output will be captured here: D:/summer/demo/Camera_Demo/Camera_Demo/Camera_Demo.runs/impl_1/runme.log
launch_runs impl_1 -to_step write_bitstream -jobs 2
INFO: [Vivado 12-4149] The synthesis checkpoint for IP 'D:/summer/demo/Camera_Demo/Camera_Demo/Camera_Demo.srcs/sources_1/ip/rgb2dvi_0/rgb2dvi_0.xci' is already up-to-date
INFO: [Vivado 12-4149] The synthesis checkpoint for IP 'D:/summer/demo/Camera_Demo/Camera_Demo/Camera_Demo.srcs/sources_1/ip/Clk_Division_0/Clk_Division_0.xci' is already up-to-date
[Tue Jul 28 21:36:27 2020] Launched impl_1...
Run output will be captured here: D:/summer/demo/Camera_Demo/Camera_Demo/Camera_Demo.runs/impl_1/runme.log
close [ open D:/summer/demo/Camera_Demo/Camera_Demo/Camera_Demo.srcs/sources_1/new/san.v w ]
add_files D:/summer/demo/Camera_Demo/Camera_Demo/Camera_Demo.srcs/sources_1/new/san.v
update_compile_order -fileset sources_1
close [ open D:/summer/demo/Camera_Demo/Camera_Demo/Camera_Demo.srcs/sources_1/new/yuan.v w ]
add_files D:/summer/demo/Camera_Demo/Camera_Demo/Camera_Demo.srcs/sources_1/new/yuan.v
update_compile_order -fileset sources_1
reset_run synth_1
launch_runs impl_1 -to_step write_bitstream -jobs 2
INFO: [Vivado 12-4149] The synthesis checkpoint for IP 'D:/summer/demo/Camera_Demo/Camera_Demo/Camera_Demo.srcs/sources_1/ip/rgb2dvi_0/rgb2dvi_0.xci' is already up-to-date
INFO: [Vivado 12-4149] The synthesis checkpoint for IP 'D:/summer/demo/Camera_Demo/Camera_Demo/Camera_Demo.srcs/sources_1/ip/Clk_Division_0/Clk_Division_0.xci' is already up-to-date
[Wed Jul 29 00:14:54 2020] Launched synth_1...
Run output will be captured here: D:/summer/demo/Camera_Demo/Camera_Demo/Camera_Demo.runs/synth_1/runme.log
[Wed Jul 29 00:14:54 2020] Launched impl_1...
Run output will be captured here: D:/summer/demo/Camera_Demo/Camera_Demo/Camera_Demo.runs/impl_1/runme.log
exit
