#-----------------------------------------------------------
# Vivado v2018.2 (64-bit)
# SW Build 2258646 on Thu Jun 14 20:03:12 MDT 2018
# IP Build 2256618 on Thu Jun 14 22:10:49 MDT 2018
# Start of session at: Wed Jul 29 09:13:16 2020
# Process ID: 3748
# Current directory: D:/summer/demo/Camera_Demo/Camera_Demo
# Command line: vivado.exe -gui_launcher_event rodinguilauncherevent10612 D:\summer\demo\Camera_Demo\Camera_Demo\Camera_Demo.xpr
# Log file: D:/summer/demo/Camera_Demo/Camera_Demo/vivado.log
# Journal file: D:/summer/demo/Camera_Demo/Camera_Demo\vivado.jou
#-----------------------------------------------------------
start_gui
open_project D:/summer/demo/Camera_Demo/Camera_Demo/Camera_Demo.xpr
Scanning sources...
Finished scanning sources
INFO: [IP_Flow 19-234] Refreshing IP repositories
INFO: [IP_Flow 19-1700] Loaded user IP repository 'd:/summer/demo/IP'.
INFO: [IP_Flow 19-1700] Loaded user IP repository 'd:/summer/Frequency_Divider_Demo/Frequency_Divider_Demo.srcs'.
INFO: [IP_Flow 19-2313] Loaded Vivado IP repository 'E:/xilinx/Vivado/2018.2/data/ip'.
open_project: Time (s): cpu = 00:00:28 ; elapsed = 00:00:47 . Memory (MB): peak = 802.574 ; gain = 112.152
update_compile_order -fileset sources_1
close [ open D:/summer/demo/Camera_Demo/Camera_Demo/Camera_Demo.srcs/sources_1/new/ling.v w ]
add_files D:/summer/demo/Camera_Demo/Camera_Demo/Camera_Demo.srcs/sources_1/new/ling.v
close [ open D:/summer/demo/Camera_Demo/Camera_Demo/Camera_Demo.srcs/sources_1/new/fang.v w ]
add_files D:/summer/demo/Camera_Demo/Camera_Demo/Camera_Demo.srcs/sources_1/new/fang.v
update_compile_order -fileset sources_1
close [ open D:/summer/demo/Camera_Demo/Camera_Demo/Camera_Demo.srcs/sources_1/new/shapeshow.v w ]
add_files D:/summer/demo/Camera_Demo/Camera_Demo/Camera_Demo.srcs/sources_1/new/shapeshow.v
update_compile_order -fileset sources_1
update_compile_order -fileset sources_1
reset_run synth_1
launch_runs synth_1 -jobs 2
INFO: [Vivado 12-4149] The synthesis checkpoint for IP 'D:/summer/demo/Camera_Demo/Camera_Demo/Camera_Demo.srcs/sources_1/ip/rgb2dvi_0/rgb2dvi_0.xci' is already up-to-date
INFO: [Vivado 12-4149] The synthesis checkpoint for IP 'D:/summer/demo/Camera_Demo/Camera_Demo/Camera_Demo.srcs/sources_1/ip/Clk_Division_0/Clk_Division_0.xci' is already up-to-date
[Wed Jul 29 11:56:30 2020] Launched synth_1...
Run output will be captured here: D:/summer/demo/Camera_Demo/Camera_Demo/Camera_Demo.runs/synth_1/runme.log
launch_runs impl_1 -jobs 2
INFO: [Vivado 12-4149] The synthesis checkpoint for IP 'D:/summer/demo/Camera_Demo/Camera_Demo/Camera_Demo.srcs/sources_1/ip/rgb2dvi_0/rgb2dvi_0.xci' is already up-to-date
INFO: [Vivado 12-4149] The synthesis checkpoint for IP 'D:/summer/demo/Camera_Demo/Camera_Demo/Camera_Demo.srcs/sources_1/ip/Clk_Division_0/Clk_Division_0.xci' is already up-to-date
[Wed Jul 29 12:03:47 2020] Launched impl_1...
Run output will be captured here: D:/summer/demo/Camera_Demo/Camera_Demo/Camera_Demo.runs/impl_1/runme.log
launch_runs impl_1 -to_step write_bitstream -jobs 2
INFO: [Vivado 12-4149] The synthesis checkpoint for IP 'D:/summer/demo/Camera_Demo/Camera_Demo/Camera_Demo.srcs/sources_1/ip/rgb2dvi_0/rgb2dvi_0.xci' is already up-to-date
INFO: [Vivado 12-4149] The synthesis checkpoint for IP 'D:/summer/demo/Camera_Demo/Camera_Demo/Camera_Demo.srcs/sources_1/ip/Clk_Division_0/Clk_Division_0.xci' is already up-to-date
[Wed Jul 29 12:07:31 2020] Launched impl_1...
Run output will be captured here: D:/summer/demo/Camera_Demo/Camera_Demo/Camera_Demo.runs/impl_1/runme.log
reset_run synth_1
launch_runs synth_1 -jobs 2
INFO: [Vivado 12-4149] The synthesis checkpoint for IP 'D:/summer/demo/Camera_Demo/Camera_Demo/Camera_Demo.srcs/sources_1/ip/rgb2dvi_0/rgb2dvi_0.xci' is already up-to-date
INFO: [Vivado 12-4149] The synthesis checkpoint for IP 'D:/summer/demo/Camera_Demo/Camera_Demo/Camera_Demo.srcs/sources_1/ip/Clk_Division_0/Clk_Division_0.xci' is already up-to-date
[Wed Jul 29 12:34:30 2020] Launched synth_1...
Run output will be captured here: D:/summer/demo/Camera_Demo/Camera_Demo/Camera_Demo.runs/synth_1/runme.log
launch_runs impl_1 -jobs 2
INFO: [Vivado 12-4149] The synthesis checkpoint for IP 'D:/summer/demo/Camera_Demo/Camera_Demo/Camera_Demo.srcs/sources_1/ip/rgb2dvi_0/rgb2dvi_0.xci' is already up-to-date
INFO: [Vivado 12-4149] The synthesis checkpoint for IP 'D:/summer/demo/Camera_Demo/Camera_Demo/Camera_Demo.srcs/sources_1/ip/Clk_Division_0/Clk_Division_0.xci' is already up-to-date
[Wed Jul 29 12:37:37 2020] Launched impl_1...
Run output will be captured here: D:/summer/demo/Camera_Demo/Camera_Demo/Camera_Demo.runs/impl_1/runme.log
launch_runs impl_1 -to_step write_bitstream -jobs 2
INFO: [Vivado 12-4149] The synthesis checkpoint for IP 'D:/summer/demo/Camera_Demo/Camera_Demo/Camera_Demo.srcs/sources_1/ip/rgb2dvi_0/rgb2dvi_0.xci' is already up-to-date
INFO: [Vivado 12-4149] The synthesis checkpoint for IP 'D:/summer/demo/Camera_Demo/Camera_Demo/Camera_Demo.srcs/sources_1/ip/Clk_Division_0/Clk_Division_0.xci' is already up-to-date
[Wed Jul 29 12:41:31 2020] Launched impl_1...
Run output will be captured here: D:/summer/demo/Camera_Demo/Camera_Demo/Camera_Demo.runs/impl_1/runme.log
close [ open D:/summer/demo/Camera_Demo/Camera_Demo/Camera_Demo.srcs/sources_1/new/clkdivi.v w ]
add_files D:/summer/demo/Camera_Demo/Camera_Demo/Camera_Demo.srcs/sources_1/new/clkdivi.v
update_compile_order -fileset sources_1
update_compile_order -fileset sources_1
reset_run synth_1
launch_runs synth_1 -jobs 2
INFO: [Vivado 12-4149] The synthesis checkpoint for IP 'D:/summer/demo/Camera_Demo/Camera_Demo/Camera_Demo.srcs/sources_1/ip/rgb2dvi_0/rgb2dvi_0.xci' is already up-to-date
INFO: [Vivado 12-4149] The synthesis checkpoint for IP 'D:/summer/demo/Camera_Demo/Camera_Demo/Camera_Demo.srcs/sources_1/ip/Clk_Division_0/Clk_Division_0.xci' is already up-to-date
[Wed Jul 29 12:52:35 2020] Launched synth_1...
Run output will be captured here: D:/summer/demo/Camera_Demo/Camera_Demo/Camera_Demo.runs/synth_1/runme.log
launch_runs impl_1 -jobs 2
INFO: [Vivado 12-4149] The synthesis checkpoint for IP 'D:/summer/demo/Camera_Demo/Camera_Demo/Camera_Demo.srcs/sources_1/ip/rgb2dvi_0/rgb2dvi_0.xci' is already up-to-date
INFO: [Vivado 12-4149] The synthesis checkpoint for IP 'D:/summer/demo/Camera_Demo/Camera_Demo/Camera_Demo.srcs/sources_1/ip/Clk_Division_0/Clk_Division_0.xci' is already up-to-date
[Wed Jul 29 12:56:51 2020] Launched impl_1...
Run output will be captured here: D:/summer/demo/Camera_Demo/Camera_Demo/Camera_Demo.runs/impl_1/runme.log
launch_runs impl_1 -to_step write_bitstream -jobs 2
INFO: [Vivado 12-4149] The synthesis checkpoint for IP 'D:/summer/demo/Camera_Demo/Camera_Demo/Camera_Demo.srcs/sources_1/ip/rgb2dvi_0/rgb2dvi_0.xci' is already up-to-date
INFO: [Vivado 12-4149] The synthesis checkpoint for IP 'D:/summer/demo/Camera_Demo/Camera_Demo/Camera_Demo.srcs/sources_1/ip/Clk_Division_0/Clk_Division_0.xci' is already up-to-date
[Wed Jul 29 13:00:17 2020] Launched impl_1...
Run output will be captured here: D:/summer/demo/Camera_Demo/Camera_Demo/Camera_Demo.runs/impl_1/runme.log
reset_run synth_1
launch_runs synth_1 -jobs 2
INFO: [Vivado 12-4149] The synthesis checkpoint for IP 'D:/summer/demo/Camera_Demo/Camera_Demo/Camera_Demo.srcs/sources_1/ip/rgb2dvi_0/rgb2dvi_0.xci' is already up-to-date
INFO: [Vivado 12-4149] The synthesis checkpoint for IP 'D:/summer/demo/Camera_Demo/Camera_Demo/Camera_Demo.srcs/sources_1/ip/Clk_Division_0/Clk_Division_0.xci' is already up-to-date
[Wed Jul 29 22:16:53 2020] Launched synth_1...
Run output will be captured here: D:/summer/demo/Camera_Demo/Camera_Demo/Camera_Demo.runs/synth_1/runme.log
launch_runs impl_1 -jobs 2
INFO: [Vivado 12-4149] The synthesis checkpoint for IP 'D:/summer/demo/Camera_Demo/Camera_Demo/Camera_Demo.srcs/sources_1/ip/rgb2dvi_0/rgb2dvi_0.xci' is already up-to-date
INFO: [Vivado 12-4149] The synthesis checkpoint for IP 'D:/summer/demo/Camera_Demo/Camera_Demo/Camera_Demo.srcs/sources_1/ip/Clk_Division_0/Clk_Division_0.xci' is already up-to-date
[Wed Jul 29 22:47:19 2020] Launched impl_1...
Run output will be captured here: D:/summer/demo/Camera_Demo/Camera_Demo/Camera_Demo.runs/impl_1/runme.log
launch_runs impl_1 -to_step write_bitstream -jobs 2
INFO: [Vivado 12-4149] The synthesis checkpoint for IP 'D:/summer/demo/Camera_Demo/Camera_Demo/Camera_Demo.srcs/sources_1/ip/rgb2dvi_0/rgb2dvi_0.xci' is already up-to-date
INFO: [Vivado 12-4149] The synthesis checkpoint for IP 'D:/summer/demo/Camera_Demo/Camera_Demo/Camera_Demo.srcs/sources_1/ip/Clk_Division_0/Clk_Division_0.xci' is already up-to-date
[Wed Jul 29 22:57:04 2020] Launched impl_1...
Run output will be captured here: D:/summer/demo/Camera_Demo/Camera_Demo/Camera_Demo.runs/impl_1/runme.log
exit
INFO: [Common 17-206] Exiting Vivado at Wed Jul 29 23:36:02 2020...
